c:\users\admin\desktop\imagetool\imagetool\debug\imagetool.pch
c:\users\admin\desktop\imagetool\imagetool\debug\vc142.pdb
c:\users\admin\desktop\imagetool\imagetool\debug\vc142.idb
c:\users\admin\desktop\imagetool\imagetool\debug\pch.obj
c:\users\admin\desktop\imagetool\imagetool\debug\ippfilter.obj
c:\users\admin\desktop\imagetool\imagetool\debug\ippfeature.obj
c:\users\admin\desktop\imagetool\imagetool\debug\ippenhance.obj
c:\users\admin\desktop\imagetool\imagetool\debug\ippcolor.obj
c:\users\admin\desktop\imagetool\imagetool\debug\ippgeometry.obj
c:\users\admin\desktop\imagetool\imagetool\debug\ippdib.obj
c:\users\admin\desktop\imagetool\imagetool\debug\ippconvert.obj
c:\users\admin\desktop\imagetool\imagetool\debug\imagetoolview.obj
c:\users\admin\desktop\imagetool\imagetool\debug\imagetool.obj
c:\users\admin\desktop\imagetool\imagetool\debug\ctranslatedlg.obj
c:\users\admin\desktop\imagetool\imagetool\debug\cresizedlg.obj
c:\users\admin\desktop\imagetool\imagetool\debug\chistogramdlg.obj
c:\users\admin\desktop\imagetool\imagetool\debug\childfrm.obj
c:\users\admin\desktop\imagetool\imagetool\debug\charriscornerdlg.obj
c:\users\admin\desktop\imagetool\imagetool\debug\cgaussiandlg.obj
c:\users\admin\desktop\imagetool\imagetool\debug\cgammacorrectiondlg.obj
c:\users\admin\desktop\imagetool\imagetool\debug\cdiffusiondlg.obj
c:\users\admin\desktop\imagetool\imagetool\debug\ccannyedgedlg.obj
c:\users\admin\desktop\imagetool\imagetool\debug\caddnoisedlg.obj
c:\users\admin\desktop\imagetool\imagetool\debug\outputwnd.obj
c:\users\admin\desktop\imagetool\imagetool\debug\mainfrm.obj
c:\users\admin\desktop\imagetool\imagetool\debug\imagetooldoc.obj
c:\users\admin\desktop\imagetool\imagetool\debug\imagetool.ilk
c:\users\admin\desktop\imagetool\debug\imagetool.exe
c:\users\admin\desktop\imagetool\debug\imagetool.pdb
c:\users\admin\desktop\imagetool\imagetool\debug\imagetool.res
c:\users\admin\desktop\imagetool\imagetool\debug\imagetool.tlog\cl.command.1.tlog
c:\users\admin\desktop\imagetool\imagetool\debug\imagetool.tlog\cl.read.1.tlog
c:\users\admin\desktop\imagetool\imagetool\debug\imagetool.tlog\cl.write.1.tlog
c:\users\admin\desktop\imagetool\imagetool\debug\imagetool.tlog\link.command.1.tlog
c:\users\admin\desktop\imagetool\imagetool\debug\imagetool.tlog\link.read.1.tlog
c:\users\admin\desktop\imagetool\imagetool\debug\imagetool.tlog\link.write.1.tlog
c:\users\admin\desktop\imagetool\imagetool\debug\imagetool.tlog\rc.command.1.tlog
c:\users\admin\desktop\imagetool\imagetool\debug\imagetool.tlog\rc.read.1.tlog
c:\users\admin\desktop\imagetool\imagetool\debug\imagetool.tlog\rc.write.1.tlog
